app/build/intermediates/manifest_merge_blame_file/release/manifest-merger-blame-release-report.txt
1<?xml version="1.0" encoding="utf-8"?>
2<manifest xmlns:android="http://schemas.android.com/apk/res/android"
3    package="com.whocaller.spamdetector"
4    android:versionCode="7"
5    android:versionName="1.7" >
6
7    <uses-sdk
8        android:minSdkVersion="24"
9        android:targetSdkVersion="34" />
10
11    <uses-feature
11-->src\main\AndroidManifest.xml:7:5-9:36
12        android:name="android.hardware.telephony"
12-->src\main\AndroidManifest.xml:8:9-50
13        android:required="false" />
13-->src\main\AndroidManifest.xml:9:9-33
14
15    <uses-permission android:name="android.permission.ACCESS_WIFI_STATE" />
15-->src\main\AndroidManifest.xml:10:5-76
15-->src\main\AndroidManifest.xml:10:22-73
16    <uses-permission android:name="android.permission.ACCESS_NETWORK_STATE" />
16-->src\main\AndroidManifest.xml:11:5-79
16-->src\main\AndroidManifest.xml:11:22-76
17    <uses-permission android:name="android.permission.CALL_PHONE" />
17-->src\main\AndroidManifest.xml:12:5-69
17-->src\main\AndroidManifest.xml:12:22-66
18    <uses-permission android:name="android.permission.POST_NOTIFICATIONS" />
18-->src\main\AndroidManifest.xml:13:5-77
18-->src\main\AndroidManifest.xml:13:22-74
19    <uses-permission android:name="android.permission.READ_PHONE_STATE" />
19-->src\main\AndroidManifest.xml:14:5-75
19-->src\main\AndroidManifest.xml:14:22-72
20    <uses-permission android:name="android.permission.READ_CONTACTS" />
20-->src\main\AndroidManifest.xml:15:5-72
20-->src\main\AndroidManifest.xml:15:22-69
21    <uses-permission android:name="android.permission.WRITE_CONTACTS" />
21-->src\main\AndroidManifest.xml:16:5-73
21-->src\main\AndroidManifest.xml:16:22-70
22    <uses-permission android:name="android.permission.ANSWER_PHONE_CALLS" />
22-->src\main\AndroidManifest.xml:17:5-77
22-->src\main\AndroidManifest.xml:17:22-74
23    <uses-permission android:name="android.permission.PROCESS_OUTGOING_CALLS" />
23-->src\main\AndroidManifest.xml:18:5-81
23-->src\main\AndroidManifest.xml:18:22-78
24    <uses-permission android:name="android.permission.READ_CALL_LOG" />
24-->src\main\AndroidManifest.xml:19:5-72
24-->src\main\AndroidManifest.xml:19:22-69
25    <uses-permission android:name="android.permission.WRITE_CALL_LOG" />
25-->src\main\AndroidManifest.xml:20:5-73
25-->src\main\AndroidManifest.xml:20:22-70
26    <uses-permission android:name="android.permission.INTERNET" />
26-->src\main\AndroidManifest.xml:21:5-67
26-->src\main\AndroidManifest.xml:21:22-64
27    <uses-permission android:name="android.permission.READ_PHONE_NUMBERS" />
27-->src\main\AndroidManifest.xml:22:5-77
27-->src\main\AndroidManifest.xml:22:22-74
28    <uses-permission android:name="android.permission.READ_PRIVILEGED_PHONE_STATE" />
28-->src\main\AndroidManifest.xml:23:5-25:47
28-->src\main\AndroidManifest.xml:24:9-70
29    <uses-permission android:name="android.permission.MANAGE_OWN_CALLS" />
29-->src\main\AndroidManifest.xml:26:5-75
29-->src\main\AndroidManifest.xml:26:22-72
30    <uses-permission android:name="android.permission.READ_MEDIA_IMAGES" />
30-->src\main\AndroidManifest.xml:27:5-76
30-->src\main\AndroidManifest.xml:27:22-73
31    <uses-permission android:name="android.permission.READ_EXTERNAL_STORAGE" />
31-->src\main\AndroidManifest.xml:30:5-80
31-->src\main\AndroidManifest.xml:30:22-77
32    <uses-permission android:name="android.permission.WRITE_EXTERNAL_STORAGE" />
32-->src\main\AndroidManifest.xml:31:5-33:40
32-->src\main\AndroidManifest.xml:32:9-65
33    <uses-permission android:name="android.permission.SYSTEM_ALERT_WINDOW" />
33-->src\main\AndroidManifest.xml:37:5-78
33-->src\main\AndroidManifest.xml:37:22-75
34    <uses-permission android:name="android.permission.MODIFY_PHONE_STATE" />
34-->src\main\AndroidManifest.xml:39:5-41:47
34-->src\main\AndroidManifest.xml:40:9-61
35
36    <!-- Create a unique permission for your app and use it so only your app can receive your OneSignal messages. -->
37    <permission
37-->[com.onesignal:OneSignal:4.8.11] AndroidManifest.xml:7:5-9:47
38        android:name="com.whocaller.spamdetector.permission.C2D_MESSAGE"
38-->[com.onesignal:OneSignal:4.8.11] AndroidManifest.xml:8:9-63
39        android:protectionLevel="signature" />
39-->[com.onesignal:OneSignal:4.8.11] AndroidManifest.xml:9:9-44
40
41    <uses-permission android:name="com.whocaller.spamdetector.permission.C2D_MESSAGE" /> <!-- c2dm RECEIVE are basic requirements for push messages through Google's FCM -->
41-->[com.onesignal:OneSignal:4.8.11] AndroidManifest.xml:11:5-79
41-->[com.onesignal:OneSignal:4.8.11] AndroidManifest.xml:11:22-76
42    <uses-permission android:name="com.google.android.c2dm.permission.RECEIVE" /> <!-- Required, makes sure notifications are delivered on time. -->
42-->[com.onesignal:OneSignal:4.8.11] AndroidManifest.xml:18:5-82
42-->[com.onesignal:OneSignal:4.8.11] AndroidManifest.xml:18:22-79
43    <uses-permission android:name="android.permission.WAKE_LOCK" />
43-->[com.onesignal:OneSignal:4.8.11] AndroidManifest.xml:19:5-68
43-->[com.onesignal:OneSignal:4.8.11] AndroidManifest.xml:19:22-65
44    <!--
45 Required so the device vibrates on receiving a push notification.
46         Vibration settings of the device still apply.
47    -->
48    <uses-permission android:name="android.permission.VIBRATE" />
48-->[com.onesignal:OneSignal:4.8.11] AndroidManifest.xml:24:5-66
48-->[com.onesignal:OneSignal:4.8.11] AndroidManifest.xml:24:22-63
49    <!--
50 Use to restore notifications the user hasn't interacted with.
51         They could be missed notifications if the user reboots their device if this isn't in place.
52    -->
53    <uses-permission android:name="android.permission.RECEIVE_BOOT_COMPLETED" /> <!-- START: ShortcutBadger -->
53-->[com.onesignal:OneSignal:4.8.11] AndroidManifest.xml:30:5-81
53-->[com.onesignal:OneSignal:4.8.11] AndroidManifest.xml:30:22-78
54    <!-- Samsung -->
55    <uses-permission android:name="com.sec.android.provider.badge.permission.READ" />
55-->[com.onesignal:OneSignal:4.8.11] AndroidManifest.xml:32:5-86
55-->[com.onesignal:OneSignal:4.8.11] AndroidManifest.xml:32:22-83
56    <uses-permission android:name="com.sec.android.provider.badge.permission.WRITE" /> <!-- HTC -->
56-->[com.onesignal:OneSignal:4.8.11] AndroidManifest.xml:33:5-87
56-->[com.onesignal:OneSignal:4.8.11] AndroidManifest.xml:33:22-84
57    <uses-permission android:name="com.htc.launcher.permission.READ_SETTINGS" />
57-->[com.onesignal:OneSignal:4.8.11] AndroidManifest.xml:34:5-81
57-->[com.onesignal:OneSignal:4.8.11] AndroidManifest.xml:34:22-78
58    <uses-permission android:name="com.htc.launcher.permission.UPDATE_SHORTCUT" /> <!-- Sony -->
58-->[com.onesignal:OneSignal:4.8.11] AndroidManifest.xml:35:5-83
58-->[com.onesignal:OneSignal:4.8.11] AndroidManifest.xml:35:22-80
59    <uses-permission android:name="com.sonyericsson.home.permission.BROADCAST_BADGE" />
59-->[com.onesignal:OneSignal:4.8.11] AndroidManifest.xml:36:5-88
59-->[com.onesignal:OneSignal:4.8.11] AndroidManifest.xml:36:22-85
60    <uses-permission android:name="com.sonymobile.home.permission.PROVIDER_INSERT_BADGE" /> <!-- Apex -->
60-->[com.onesignal:OneSignal:4.8.11] AndroidManifest.xml:37:5-92
60-->[com.onesignal:OneSignal:4.8.11] AndroidManifest.xml:37:22-89
61    <uses-permission android:name="com.anddoes.launcher.permission.UPDATE_COUNT" /> <!-- Solid -->
61-->[com.onesignal:OneSignal:4.8.11] AndroidManifest.xml:38:5-84
61-->[com.onesignal:OneSignal:4.8.11] AndroidManifest.xml:38:22-81
62    <uses-permission android:name="com.majeur.launcher.permission.UPDATE_BADGE" /> <!-- Huawei -->
62-->[com.onesignal:OneSignal:4.8.11] AndroidManifest.xml:39:5-83
62-->[com.onesignal:OneSignal:4.8.11] AndroidManifest.xml:39:22-80
63    <uses-permission android:name="com.huawei.android.launcher.permission.CHANGE_BADGE" />
63-->[com.onesignal:OneSignal:4.8.11] AndroidManifest.xml:40:5-91
63-->[com.onesignal:OneSignal:4.8.11] AndroidManifest.xml:40:22-88
64    <uses-permission android:name="com.huawei.android.launcher.permission.READ_SETTINGS" />
64-->[com.onesignal:OneSignal:4.8.11] AndroidManifest.xml:41:5-92
64-->[com.onesignal:OneSignal:4.8.11] AndroidManifest.xml:41:22-89
65    <uses-permission android:name="com.huawei.android.launcher.permission.WRITE_SETTINGS" /> <!-- ZUK -->
65-->[com.onesignal:OneSignal:4.8.11] AndroidManifest.xml:42:5-93
65-->[com.onesignal:OneSignal:4.8.11] AndroidManifest.xml:42:22-90
66    <uses-permission android:name="android.permission.READ_APP_BADGE" /> <!-- OPPO -->
66-->[com.onesignal:OneSignal:4.8.11] AndroidManifest.xml:43:5-73
66-->[com.onesignal:OneSignal:4.8.11] AndroidManifest.xml:43:22-70
67    <uses-permission android:name="com.oppo.launcher.permission.READ_SETTINGS" />
67-->[com.onesignal:OneSignal:4.8.11] AndroidManifest.xml:44:5-82
67-->[com.onesignal:OneSignal:4.8.11] AndroidManifest.xml:44:22-79
68    <uses-permission android:name="com.oppo.launcher.permission.WRITE_SETTINGS" /> <!-- EvMe -->
68-->[com.onesignal:OneSignal:4.8.11] AndroidManifest.xml:45:5-83
68-->[com.onesignal:OneSignal:4.8.11] AndroidManifest.xml:45:22-80
69    <uses-permission android:name="me.everything.badger.permission.BADGE_COUNT_READ" />
69-->[com.onesignal:OneSignal:4.8.11] AndroidManifest.xml:46:5-88
69-->[com.onesignal:OneSignal:4.8.11] AndroidManifest.xml:46:22-85
70    <uses-permission android:name="me.everything.badger.permission.BADGE_COUNT_WRITE" />
70-->[com.onesignal:OneSignal:4.8.11] AndroidManifest.xml:47:5-89
70-->[com.onesignal:OneSignal:4.8.11] AndroidManifest.xml:47:22-86
71    <uses-permission android:name="com.google.android.gms.permission.AD_ID" />
71-->[com.unity3d.ads:unity-ads:4.7.0] AndroidManifest.xml:10:5-79
71-->[com.unity3d.ads:unity-ads:4.7.0] AndroidManifest.xml:10:22-76
72    <uses-permission android:name="android.permission.ACCESS_ADSERVICES_TOPICS" />
72-->[com.unity3d.ads:unity-ads:4.7.0] AndroidManifest.xml:11:5-83
72-->[com.unity3d.ads:unity-ads:4.7.0] AndroidManifest.xml:11:22-80
73    <uses-permission android:name="android.permission.ACCESS_ADSERVICES_ATTRIBUTION" />
73-->[com.unity3d.ads:unity-ads:4.7.0] AndroidManifest.xml:12:5-88
73-->[com.unity3d.ads:unity-ads:4.7.0] AndroidManifest.xml:12:22-85
74    <uses-permission android:name="com.google.android.providers.gsf.permission.READ_GSERVICES" />
74-->[com.google.android.recaptcha:recaptcha:18.4.0] AndroidManifest.xml:9:5-98
74-->[com.google.android.recaptcha:recaptcha:18.4.0] AndroidManifest.xml:9:22-95
75    <uses-permission android:name="android.permission.ACCESS_ADSERVICES_AD_ID" /> <!-- Android package visibility setting -->
75-->[com.google.android.gms:play-services-ads-lite:23.3.0] AndroidManifest.xml:27:5-82
75-->[com.google.android.gms:play-services-ads-lite:23.3.0] AndroidManifest.xml:27:22-79
76    <queries>
76-->[com.google.android.gms:play-services-ads-lite:23.3.0] AndroidManifest.xml:35:5-51:15
77
78        <!-- For browser content -->
79        <intent>
79-->[com.google.android.gms:play-services-ads-lite:23.3.0] AndroidManifest.xml:38:9-44:18
80            <action android:name="android.intent.action.VIEW" />
80-->[com.onesignal:OneSignal:4.8.11] AndroidManifest.xml:77:17-69
80-->[com.onesignal:OneSignal:4.8.11] AndroidManifest.xml:77:25-66
81
82            <category android:name="android.intent.category.BROWSABLE" />
82-->[com.google.firebase:firebase-auth:23.0.0] AndroidManifest.xml:39:17-78
82-->[com.google.firebase:firebase-auth:23.0.0] AndroidManifest.xml:39:27-75
83
84            <data android:scheme="https" />
84-->src\main\AndroidManifest.xml:191:17-46
84-->src\main\AndroidManifest.xml:191:23-43
85        </intent>
86        <!-- End of browser content -->
87        <!-- For CustomTabsService -->
88        <intent>
88-->[com.google.android.gms:play-services-ads-lite:23.3.0] AndroidManifest.xml:47:9-49:18
89            <action android:name="android.support.customtabs.action.CustomTabsService" />
89-->[com.google.android.gms:play-services-ads-lite:23.3.0] AndroidManifest.xml:48:13-90
89-->[com.google.android.gms:play-services-ads-lite:23.3.0] AndroidManifest.xml:48:21-87
90        </intent>
91        <!-- End of CustomTabsService -->
92    </queries>
93
94    <uses-permission android:name="android.permission.FOREGROUND_SERVICE" />
94-->[androidx.work:work-runtime:2.7.0] AndroidManifest.xml:28:5-77
94-->[androidx.work:work-runtime:2.7.0] AndroidManifest.xml:28:22-74
95
96    <permission
96-->[androidx.core:core:1.13.0] AndroidManifest.xml:22:5-24:47
97        android:name="com.whocaller.spamdetector.DYNAMIC_RECEIVER_NOT_EXPORTED_PERMISSION"
97-->[androidx.core:core:1.13.0] AndroidManifest.xml:23:9-81
98        android:protectionLevel="signature" />
98-->[androidx.core:core:1.13.0] AndroidManifest.xml:24:9-44
99
100    <uses-permission android:name="com.whocaller.spamdetector.DYNAMIC_RECEIVER_NOT_EXPORTED_PERMISSION" />
100-->[androidx.core:core:1.13.0] AndroidManifest.xml:26:5-97
100-->[androidx.core:core:1.13.0] AndroidManifest.xml:26:22-94
101
102    <application
102-->src\main\AndroidManifest.xml:49:5-226:19
103        android:name="com.whocaller.spamdetector.activities.MyApplication"
103-->src\main\AndroidManifest.xml:50:9-75
104        android:allowBackup="true"
104-->src\main\AndroidManifest.xml:51:9-35
105        android:appComponentFactory="androidx.core.app.CoreComponentFactory"
105-->[androidx.core:core:1.13.0] AndroidManifest.xml:28:18-86
106        android:extractNativeLibs="false"
107        android:hardwareAccelerated="true"
107-->src\main\AndroidManifest.xml:53:9-43
108        android:icon="@mipmap/ic_launcher"
108-->src\main\AndroidManifest.xml:57:9-43
109        android:label="@string/app_name"
109-->src\main\AndroidManifest.xml:58:9-41
110        android:largeHeap="true"
110-->src\main\AndroidManifest.xml:54:9-33
111        android:networkSecurityConfig="@xml/network_security_config"
111-->src\main\AndroidManifest.xml:59:9-69
112        android:requestLegacyExternalStorage="true"
112-->src\main\AndroidManifest.xml:55:9-52
113        android:roundIcon="@mipmap/ic_launcher_round"
113-->src\main\AndroidManifest.xml:60:9-54
114        android:supportsRtl="true"
114-->src\main\AndroidManifest.xml:61:9-35
115        android:theme="@style/AppTheme"
115-->src\main\AndroidManifest.xml:62:9-40
116        android:usesCleartextTraffic="true" >
116-->src\main\AndroidManifest.xml:63:9-44
117        <meta-data
117-->src\main\AndroidManifest.xml:65:9-67:52
118            android:name="com.google.android.gms.ads.APPLICATION_ID"
118-->src\main\AndroidManifest.xml:66:13-69
119            android:value="@string/admob_app_id" />
119-->src\main\AndroidManifest.xml:67:13-49
120
121        <activity
121-->src\main\AndroidManifest.xml:69:9-80:20
122            android:name="com.whocaller.spamdetector.activities.SplashActivity"
122-->src\main\AndroidManifest.xml:70:13-80
123            android:exported="true"
123-->src\main\AndroidManifest.xml:71:13-36
124            android:screenOrientation="portrait"
124-->src\main\AndroidManifest.xml:72:13-49
125            android:theme="@style/SplashTheme" >
125-->src\main\AndroidManifest.xml:73:13-47
126            <intent-filter>
126-->src\main\AndroidManifest.xml:75:13-79:29
127                <action android:name="android.intent.action.MAIN" />
127-->src\main\AndroidManifest.xml:76:17-69
127-->src\main\AndroidManifest.xml:76:25-66
128
129                <category android:name="android.intent.category.LAUNCHER" />
129-->src\main\AndroidManifest.xml:78:17-77
129-->src\main\AndroidManifest.xml:78:27-74
130            </intent-filter>
131        </activity>
132        <activity
132-->src\main\AndroidManifest.xml:81:9-86:55
133            android:name="com.whocaller.spamdetector.activities.MainActivity"
133-->src\main\AndroidManifest.xml:82:13-78
134            android:exported="true"
134-->src\main\AndroidManifest.xml:83:13-36
135            android:screenOrientation="portrait"
135-->src\main\AndroidManifest.xml:84:13-49
136            android:theme="@style/SplashTheme" />
136-->src\main\AndroidManifest.xml:85:13-47
137        <activity
137-->src\main\AndroidManifest.xml:87:9-91:55
138            android:name="com.whocaller.spamdetector.activities.SettingsActivity"
138-->src\main\AndroidManifest.xml:88:13-82
139            android:exported="false"
139-->src\main\AndroidManifest.xml:89:13-37
140            android:screenOrientation="portrait" />
140-->src\main\AndroidManifest.xml:90:13-49
141        <activity
141-->src\main\AndroidManifest.xml:92:9-96:55
142            android:name="com.whocaller.spamdetector.activities.RedirectActivity"
142-->src\main\AndroidManifest.xml:93:13-82
143            android:exported="false"
143-->src\main\AndroidManifest.xml:94:13-37
144            android:screenOrientation="portrait" />
144-->src\main\AndroidManifest.xml:95:13-49
145        <activity
145-->src\main\AndroidManifest.xml:97:9-104:56
146            android:name="com.whocaller.spamdetector.activities.CustomDialogActivity"
146-->src\main\AndroidManifest.xml:98:13-86
147            android:excludeFromRecents="true"
147-->src\main\AndroidManifest.xml:99:13-46
148            android:label=""
148-->src\main\AndroidManifest.xml:100:13-29
149            android:screenOrientation="portrait"
149-->src\main\AndroidManifest.xml:101:13-49
150            android:taskAffinity=""
150-->src\main\AndroidManifest.xml:102:13-36
151            android:theme="@style/DialogTheme.NoActionBar" />
151-->src\main\AndroidManifest.xml:103:13-59
152        <activity
152-->src\main\AndroidManifest.xml:105:9-109:56
153            android:name="com.whocaller.spamdetector.activities.AboutActivity"
153-->src\main\AndroidManifest.xml:106:13-79
154            android:exported="false"
154-->src\main\AndroidManifest.xml:107:13-37
155            android:screenOrientation="portrait" />
155-->src\main\AndroidManifest.xml:108:13-49
156        <activity
156-->src\main\AndroidManifest.xml:110:9-114:56
157            android:name="com.whocaller.spamdetector.activities.ActivityWebView"
157-->src\main\AndroidManifest.xml:111:13-81
158            android:exported="false"
158-->src\main\AndroidManifest.xml:112:13-37
159            android:screenOrientation="portrait" />
159-->src\main\AndroidManifest.xml:113:13-49
160        <activity
160-->src\main\AndroidManifest.xml:115:9-119:56
161            android:name="com.whocaller.spamdetector.activities.AllCallHistoryActivity"
161-->src\main\AndroidManifest.xml:116:13-88
162            android:exported="false"
162-->src\main\AndroidManifest.xml:117:13-37
163            android:screenOrientation="portrait" />
163-->src\main\AndroidManifest.xml:118:13-49
164        <activity
164-->src\main\AndroidManifest.xml:120:9-124:56
165            android:name="com.whocaller.spamdetector.activities.BlockSpamActivity"
165-->src\main\AndroidManifest.xml:121:13-83
166            android:exported="false"
166-->src\main\AndroidManifest.xml:122:13-37
167            android:screenOrientation="portrait" />
167-->src\main\AndroidManifest.xml:123:13-49
168        <activity
168-->src\main\AndroidManifest.xml:125:9-129:56
169            android:name="com.yalantis.ucrop.UCropActivity"
169-->src\main\AndroidManifest.xml:126:13-60
170            android:screenOrientation="portrait"
170-->src\main\AndroidManifest.xml:127:13-49
171            android:theme="@style/Theme.AppCompat.Light.NoActionBar" />
171-->src\main\AndroidManifest.xml:128:13-69
172        <activity
172-->src\main\AndroidManifest.xml:130:9-134:56
173            android:name="com.whocaller.spamdetector.activities.SearchActivity"
173-->src\main\AndroidManifest.xml:131:13-80
174            android:exported="false"
174-->src\main\AndroidManifest.xml:132:13-37
175            android:screenOrientation="portrait" />
175-->src\main\AndroidManifest.xml:133:13-49
176        <activity
176-->src\main\AndroidManifest.xml:135:9-139:56
177            android:name="com.whocaller.spamdetector.activities.MyAccountActivity"
177-->src\main\AndroidManifest.xml:136:13-83
178            android:exported="false"
178-->src\main\AndroidManifest.xml:137:13-37
179            android:screenOrientation="portrait" />
179-->src\main\AndroidManifest.xml:138:13-49
180        <activity
180-->src\main\AndroidManifest.xml:140:9-144:56
181            android:name="com.whocaller.spamdetector.activities.ProfileActivity"
181-->src\main\AndroidManifest.xml:141:13-81
182            android:exported="false"
182-->src\main\AndroidManifest.xml:142:13-37
183            android:screenOrientation="portrait" />
183-->src\main\AndroidManifest.xml:143:13-49
184        <activity
184-->src\main\AndroidManifest.xml:145:9-149:56
185            android:name="com.whocaller.spamdetector.activities.ForgotPasswordActivity"
185-->src\main\AndroidManifest.xml:146:13-88
186            android:exported="false"
186-->src\main\AndroidManifest.xml:147:13-37
187            android:screenOrientation="portrait" />
187-->src\main\AndroidManifest.xml:148:13-49
188        <activity
188-->src\main\AndroidManifest.xml:150:9-154:56
189            android:name="com.whocaller.spamdetector.activities.LoginActivity"
189-->src\main\AndroidManifest.xml:151:13-79
190            android:exported="false"
190-->src\main\AndroidManifest.xml:152:13-37
191            android:screenOrientation="portrait" />
191-->src\main\AndroidManifest.xml:153:13-49
192        <activity
192-->src\main\AndroidManifest.xml:155:9-159:56
193            android:name="com.whocaller.spamdetector.activities.OtpActivity"
193-->src\main\AndroidManifest.xml:156:13-77
194            android:exported="false"
194-->src\main\AndroidManifest.xml:157:13-37
195            android:screenOrientation="portrait" />
195-->src\main\AndroidManifest.xml:158:13-49
196        <activity
196-->src\main\AndroidManifest.xml:160:9-164:56
197            android:name="com.whocaller.spamdetector.activities.RegisterActivity"
197-->src\main\AndroidManifest.xml:161:13-82
198            android:exported="false"
198-->src\main\AndroidManifest.xml:162:13-37
199            android:screenOrientation="portrait" />
199-->src\main\AndroidManifest.xml:163:13-49
200        <activity
200-->src\main\AndroidManifest.xml:165:9-169:55
201            android:name="com.whocaller.spamdetector.activities.ContactDetailsActivity"
201-->src\main\AndroidManifest.xml:166:13-88
202            android:exported="true"
202-->src\main\AndroidManifest.xml:167:13-36
203            android:screenOrientation="portrait" />
203-->src\main\AndroidManifest.xml:168:13-49
204        <activity
204-->src\main\AndroidManifest.xml:170:9-174:56
205            android:name="com.whocaller.spamdetector.activities.CallHistoryActivity"
205-->src\main\AndroidManifest.xml:171:13-85
206            android:exported="true"
206-->src\main\AndroidManifest.xml:172:13-36
207            android:screenOrientation="portrait" />
207-->src\main\AndroidManifest.xml:173:13-49
208        <activity
208-->src\main\AndroidManifest.xml:175:9-193:20
209            android:name="com.whocaller.spamdetector.activities.CallActivity"
209-->src\main\AndroidManifest.xml:176:13-78
210            android:exported="true"
210-->src\main\AndroidManifest.xml:177:13-36
211            android:screenOrientation="portrait"
211-->src\main\AndroidManifest.xml:178:13-49
212            android:showOnLockScreen="true" >
212-->src\main\AndroidManifest.xml:179:13-44
213            <intent-filter>
213-->src\main\AndroidManifest.xml:181:13-185:29
214                <action android:name="android.intent.action.DIAL" />
214-->src\main\AndroidManifest.xml:182:17-69
214-->src\main\AndroidManifest.xml:182:25-66
215
216                <category android:name="android.intent.category.DEFAULT" />
216-->src\main\AndroidManifest.xml:184:17-76
216-->src\main\AndroidManifest.xml:184:27-73
217            </intent-filter>
218            <intent-filter>
218-->src\main\AndroidManifest.xml:186:13-192:29
219                <action android:name="android.intent.action.DIAL" />
219-->src\main\AndroidManifest.xml:182:17-69
219-->src\main\AndroidManifest.xml:182:25-66
220
221                <category android:name="android.intent.category.DEFAULT" />
221-->src\main\AndroidManifest.xml:184:17-76
221-->src\main\AndroidManifest.xml:184:27-73
222
223                <data android:scheme="tel" />
223-->src\main\AndroidManifest.xml:191:17-46
223-->src\main\AndroidManifest.xml:191:23-43
224            </intent-filter>
225        </activity>
226
227        <receiver
227-->src\main\AndroidManifest.xml:194:9-201:20
228            android:name="com.whocaller.spamdetector.helpers.ActionReceiver"
228-->src\main\AndroidManifest.xml:194:19-57
229            android:exported="true" >
229-->src\main\AndroidManifest.xml:195:13-36
230            <intent-filter>
230-->src\main\AndroidManifest.xml:196:13-200:29
231                <action android:name="com.whocaller.spamdetector.helpers.ACTION_END_CALL" />
231-->src\main\AndroidManifest.xml:197:17-92
231-->src\main\AndroidManifest.xml:197:25-90
232                <action android:name="com.whocaller.spamdetector.helpers.ACTION_SPEAKER_CALL" />
232-->src\main\AndroidManifest.xml:198:17-96
232-->src\main\AndroidManifest.xml:198:25-94
233                <action android:name="com.whocaller.spamdetector.helpers.ACTION_MUTE_CALL" />
233-->src\main\AndroidManifest.xml:199:17-93
233-->src\main\AndroidManifest.xml:199:25-91
234            </intent-filter>
235        </receiver>
236
237        <service
237-->src\main\AndroidManifest.xml:202:9-217:19
238            android:name="com.whocaller.spamdetector.services.CallService"
238-->src\main\AndroidManifest.xml:203:13-75
239            android:enabled="true"
239-->src\main\AndroidManifest.xml:204:13-35
240            android:exported="false"
240-->src\main\AndroidManifest.xml:205:13-37
241            android:permission="android.permission.BIND_INCALL_SERVICE" >
241-->src\main\AndroidManifest.xml:206:13-72
242            <meta-data
242-->src\main\AndroidManifest.xml:207:13-209:40
243                android:name="android.telecom.IN_CALL_SERVICE_UI"
243-->src\main\AndroidManifest.xml:208:17-66
244                android:value="true" />
244-->src\main\AndroidManifest.xml:209:17-37
245            <meta-data
245-->src\main\AndroidManifest.xml:210:13-212:40
246                android:name="android.telecom.IN_CALL_SERVICE_RINGING"
246-->src\main\AndroidManifest.xml:211:17-71
247                android:value="true" />
247-->src\main\AndroidManifest.xml:212:17-37
248
249            <intent-filter>
249-->src\main\AndroidManifest.xml:214:13-216:29
250                <action android:name="android.telecom.InCallService" />
250-->src\main\AndroidManifest.xml:215:17-72
250-->src\main\AndroidManifest.xml:215:25-69
251            </intent-filter>
252        </service>
253
254        <receiver
254-->[com.onesignal:OneSignal:4.8.11] AndroidManifest.xml:50:9-61:20
255            android:name="com.onesignal.FCMBroadcastReceiver"
255-->[com.onesignal:OneSignal:4.8.11] AndroidManifest.xml:51:13-62
256            android:exported="true"
256-->[com.onesignal:OneSignal:4.8.11] AndroidManifest.xml:52:13-36
257            android:permission="com.google.android.c2dm.permission.SEND" >
257-->[com.onesignal:OneSignal:4.8.11] AndroidManifest.xml:53:13-73
258
259            <!-- High priority so OneSignal payloads can be filtered from other FCM receivers -->
260            <intent-filter android:priority="999" >
260-->[com.onesignal:OneSignal:4.8.11] AndroidManifest.xml:56:13-60:29
260-->[com.onesignal:OneSignal:4.8.11] AndroidManifest.xml:56:28-50
261                <action android:name="com.google.android.c2dm.intent.RECEIVE" />
261-->[com.onesignal:OneSignal:4.8.11] AndroidManifest.xml:57:17-81
261-->[com.onesignal:OneSignal:4.8.11] AndroidManifest.xml:57:25-78
262
263                <category android:name="com.whocaller.spamdetector" />
263-->[com.onesignal:OneSignal:4.8.11] AndroidManifest.xml:59:17-61
263-->[com.onesignal:OneSignal:4.8.11] AndroidManifest.xml:59:27-58
264            </intent-filter>
265        </receiver>
266
267        <service
267-->[com.onesignal:OneSignal:4.8.11] AndroidManifest.xml:63:9-69:19
268            android:name="com.onesignal.HmsMessageServiceOneSignal"
268-->[com.onesignal:OneSignal:4.8.11] AndroidManifest.xml:64:13-68
269            android:exported="false" >
269-->[com.onesignal:OneSignal:4.8.11] AndroidManifest.xml:65:13-37
270            <intent-filter>
270-->[com.onesignal:OneSignal:4.8.11] AndroidManifest.xml:66:13-68:29
271                <action android:name="com.huawei.push.action.MESSAGING_EVENT" />
271-->[com.onesignal:OneSignal:4.8.11] AndroidManifest.xml:67:17-81
271-->[com.onesignal:OneSignal:4.8.11] AndroidManifest.xml:67:25-78
272            </intent-filter>
273        </service>
274
275        <activity
275-->[com.onesignal:OneSignal:4.8.11] AndroidManifest.xml:71:9-79:20
276            android:name="com.onesignal.NotificationOpenedActivityHMS"
276-->[com.onesignal:OneSignal:4.8.11] AndroidManifest.xml:72:13-71
277            android:exported="true"
277-->[com.onesignal:OneSignal:4.8.11] AndroidManifest.xml:73:13-36
278            android:noHistory="true"
278-->[com.onesignal:OneSignal:4.8.11] AndroidManifest.xml:74:13-37
279            android:theme="@android:style/Theme.Translucent.NoTitleBar" >
279-->[com.onesignal:OneSignal:4.8.11] AndroidManifest.xml:75:13-72
280            <intent-filter>
280-->[com.onesignal:OneSignal:4.8.11] AndroidManifest.xml:76:13-78:29
281                <action android:name="android.intent.action.VIEW" />
281-->[com.onesignal:OneSignal:4.8.11] AndroidManifest.xml:77:17-69
281-->[com.onesignal:OneSignal:4.8.11] AndroidManifest.xml:77:25-66
282            </intent-filter>
283        </activity>
284
285        <service
285-->[com.onesignal:OneSignal:4.8.11] AndroidManifest.xml:81:9-83:40
286            android:name="com.onesignal.FCMIntentService"
286-->[com.onesignal:OneSignal:4.8.11] AndroidManifest.xml:82:13-58
287            android:exported="false" />
287-->[com.onesignal:OneSignal:4.8.11] AndroidManifest.xml:83:13-37
288        <service